<?xml version="1.0" encoding="UTF-8"?>
<testng-results ignored="0" total="3" passed="3" failed="0" skipped="0">
  <reporter-output>
  </reporter-output>
  <suite started-at="2024-08-30T11:11:35 IST" name="Page Object test example" finished-at="2024-08-30T11:12:09 IST" duration-ms="34552">
    <groups>
    </groups>
    <test started-at="2024-08-30T11:11:35 IST" name="test-1" finished-at="2024-08-30T11:12:09 IST" duration-ms="34552">
      <class name="com.webOrders.test.WebOrders_Login">
        <test-method is-config="true" signature="SetUp(java.lang.String)[pri:0, instance:com.webOrders.test.WebOrders_Login@58695725]" started-at="2024-08-30T11:11:35 IST" name="SetUp" finished-at="2024-08-30T11:11:35 IST" duration-ms="344" status="PASS">
          <params>
            <param index="0">
              <value>
                <![CDATA[chrome]]>
              </value>
            </param>
          </params>
          <reporter-output>
          </reporter-output>
        </test-method> <!-- SetUp -->
        <test-method is-config="true" signature="initializeTestBaseSetup(java.lang.String,java.lang.String)[pri:0, instance:com.webOrders.test.WebOrders_Login@58695725]" started-at="2024-08-30T11:11:35 IST" name="initializeTestBaseSetup" finished-at="2024-08-30T11:11:39 IST" duration-ms="4216" status="PASS">
          <params>
            <param index="0">
              <value>
                <![CDATA[chrome]]>
              </value>
            </param>
            <param index="1">
              <value>
                <![CDATA[http://secure.smartbearsoftware.com/samples/TestComplete11/WebOrders/Login.aspx?ReturnUrl=%2fsamples%2fTestComplete11%2fWebOrders%2fDefault.aspx]]>
              </value>
            </param>
          </params>
          <reporter-output>
          </reporter-output>
        </test-method> <!-- initializeTestBaseSetup -->
        <test-method is-config="true" signature="setUp()[pri:0, instance:com.webOrders.test.WebOrders_Login@58695725]" started-at="2024-08-30T11:11:39 IST" name="setUp" finished-at="2024-08-30T11:11:39 IST" duration-ms="38" status="PASS">
          <reporter-output>
          </reporter-output>
        </test-method> <!-- setUp -->
        <test-method signature="loginTest()[pri:1, instance:com.webOrders.test.WebOrders_Login@58695725]" started-at="2024-08-30T11:11:39 IST" name="loginTest" description="Login and validate the WebOrder Homepage Text" finished-at="2024-08-30T11:11:50 IST" duration-ms="10988" status="PASS">
          <reporter-output>
          </reporter-output>
        </test-method> <!-- loginTest -->
        <test-method signature="urlTest()[pri:2, instance:com.webOrders.test.WebOrders_Login@58695725]" started-at="2024-08-30T11:11:50 IST" name="urlTest" description="validateURL() method call for URL verification" finished-at="2024-08-30T11:11:59 IST" duration-ms="8517" status="PASS">
          <reporter-output>
          </reporter-output>
        </test-method> <!-- urlTest -->
        <test-method is-config="true" signature="takeScreenshot(org.testng.ITestResult)[pri:0, instance:com.webOrders.test.WebOrders_Login@58695725]" started-at="2024-08-30T11:11:50 IST" name="takeScreenshot" finished-at="2024-08-30T11:11:50 IST" duration-ms="0" status="PASS">
          <params>
            <param index="0">
              <value>
                <![CDATA[[TestResult name=loginTest status=SUCCESS method=WebOrders_Login.loginTest()[pri:1, instance:com.webOrders.test.WebOrders_Login@58695725] output={null}]]]>
              </value>
            </param>
          </params>
          <reporter-output>
          </reporter-output>
        </test-method> <!-- takeScreenshot -->
        <test-method signature="verifyText()[pri:3, instance:com.webOrders.test.WebOrders_Login@58695725]" started-at="2024-08-30T11:11:59 IST" name="verifyText" description="validateURL() method call for URL verification" finished-at="2024-08-30T11:12:07 IST" duration-ms="8649" status="PASS">
          <reporter-output>
          </reporter-output>
        </test-method> <!-- verifyText -->
        <test-method is-config="true" signature="takeScreenshot(org.testng.ITestResult)[pri:0, instance:com.webOrders.test.WebOrders_Login@58695725]" started-at="2024-08-30T11:11:59 IST" name="takeScreenshot" finished-at="2024-08-30T11:11:59 IST" duration-ms="0" status="PASS">
          <params>
            <param index="0">
              <value>
                <![CDATA[[TestResult name=urlTest status=SUCCESS method=WebOrders_Login.urlTest()[pri:2, instance:com.webOrders.test.WebOrders_Login@58695725] output={null}]]]>
              </value>
            </param>
          </params>
          <reporter-output>
          </reporter-output>
        </test-method> <!-- takeScreenshot -->
        <test-method is-config="true" signature="tearDown()[pri:0, instance:com.webOrders.test.WebOrders_Login@58695725]" started-at="2024-08-30T11:12:07 IST" name="tearDown" finished-at="2024-08-30T11:12:09 IST" duration-ms="1764" status="PASS">
          <reporter-output>
          </reporter-output>
        </test-method> <!-- tearDown -->
        <test-method is-config="true" signature="takeScreenshot(org.testng.ITestResult)[pri:0, instance:com.webOrders.test.WebOrders_Login@58695725]" started-at="2024-08-30T11:12:07 IST" name="takeScreenshot" finished-at="2024-08-30T11:12:07 IST" duration-ms="0" status="PASS">
          <params>
            <param index="0">
              <value>
                <![CDATA[[TestResult name=verifyText status=SUCCESS method=WebOrders_Login.verifyText()[pri:3, instance:com.webOrders.test.WebOrders_Login@58695725] output={null}]]]>
              </value>
            </param>
          </params>
          <reporter-output>
          </reporter-output>
        </test-method> <!-- takeScreenshot -->
      </class> <!-- com.webOrders.test.WebOrders_Login -->
    </test> <!-- test-1 -->
  </suite> <!-- Page Object test example -->
</testng-results>
